0 verbose cli C:\Users\Usuario\AppData\Local\fnm_multishells\7388_1765621447659\node.exe C:\Users\Usuario\AppData\Local\fnm_multishells\7388_1765621447659\node_modules\npm\bin\npm-cli.js
1 info using npm@11.11.0
2 info using node@v24.13.1
3 silly config load:file:C:\Users\Usuario\AppData\Roaming\fnm\node-versions\v24.13.1\installation\node_modules\npm\npmrc
4 silly config load:file:C:\Users\Usuario\Documents\DOC JOSE\DEV\artiefy\.npmrc
5 silly config load:file:C:\Users\Usuario\.npmrc
6 silly config load:file:C:\Users\Usuario\AppData\Local\fnm_multishells\7388_1765621447659\etc\npmrc
7 verbose title npm uninstall npm
8 verbose argv "uninstall" "npm" "--package-lock-only" "--ignore-scripts"
9 verbose logfile logs-max:10 dir:C:\Users\Usuario\Documents\DOC JOSE\DEV\artiefy\.npm-cache\_logs\2026-03-07T22_31_51_838Z-
10 verbose logfile C:\Users\Usuario\Documents\DOC JOSE\DEV\artiefy\.npm-cache\_logs\2026-03-07T22_31_51_838Z-debug-0.log
11 silly logfile done cleaning log files
12 silly packumentCache heap:4496293888 maxSize:1124073472 maxEntrySize:562036736
13 silly Conflicting override sets <ref *1> OverrideSet {
13 silly Conflicting override sets   parent: OverrideSet {
13 silly Conflicting override sets     parent: undefined,
13 silly Conflicting override sets     children: Map(8) {
13 silly Conflicting override sets       '@hono/node-server' => [OverrideSet],
13 silly Conflicting override sets       'esbuild' => [OverrideSet],
13 silly Conflicting override sets       'express-rate-limit' => [OverrideSet],
13 silly Conflicting override sets       'hono' => [OverrideSet],
13 silly Conflicting override sets       'markdown-it' => [OverrideSet],
13 silly Conflicting override sets       'qs' => [OverrideSet],
13 silly Conflicting override sets       'svgo' => [Circular *1],
13 silly Conflicting override sets       'undici' => [OverrideSet]
13 silly Conflicting override sets     }
13 silly Conflicting override sets   },
13 silly Conflicting override sets   children: Map(0) {},
13 silly Conflicting override sets   name: 'svgo',
13 silly Conflicting override sets   key: 'svgo',
13 silly Conflicting override sets   keySpec: '*',
13 silly Conflicting override sets   value: '4.0.1'
13 silly Conflicting override sets } <ref *1> OverrideSet {
13 silly Conflicting override sets   parent: OverrideSet {
13 silly Conflicting override sets     parent: undefined,
13 silly Conflicting override sets     children: Map(8) {
13 silly Conflicting override sets       '@hono/node-server' => [OverrideSet],
13 silly Conflicting override sets       'esbuild' => [OverrideSet],
13 silly Conflicting override sets       'express-rate-limit' => [OverrideSet],
13 silly Conflicting override sets       'hono' => [OverrideSet],
13 silly Conflicting override sets       'markdown-it' => [Circular *1],
13 silly Conflicting override sets       'qs' => [OverrideSet],
13 silly Conflicting override sets       'svgo' => [OverrideSet],
13 silly Conflicting override sets       'undici' => [OverrideSet]
13 silly Conflicting override sets     }
13 silly Conflicting override sets   },
13 silly Conflicting override sets   children: Map(0) {},
13 silly Conflicting override sets   name: 'markdown-it',
13 silly Conflicting override sets   key: 'markdown-it',
13 silly Conflicting override sets   keySpec: '*',
13 silly Conflicting override sets   value: '^14.1.1'
13 silly Conflicting override sets }
14 silly Conflicting override sets entities
15 silly idealTree buildDeps
16 http fetch GET https://registry.npmjs.org/npm attempt 1 failed with EACCES
17 http cache https://registry.npmjs.org/@tailwindcss/oxide-wasm32-wasi/-/oxide-wasm32-wasi-4.2.1.tgz 0ms (cache hit)
18 silly tarball no local data for https://registry.npmjs.org/@tailwindcss/oxide-wasm32-wasi/-/oxide-wasm32-wasi-4.2.1.tgz. Extracting by manifest.
19 http fetch GET https://registry.npmjs.org/@tailwindcss/oxide-wasm32-wasi/-/oxide-wasm32-wasi-4.2.1.tgz attempt 1 failed with EACCES
20 http fetch GET https://registry.npmjs.org/npm attempt 2 failed with EACCES
21 http fetch GET https://registry.npmjs.org/@tailwindcss/oxide-wasm32-wasi/-/oxide-wasm32-wasi-4.2.1.tgz attempt 2 failed with EACCES
22 http fetch GET https://registry.npmjs.org/npm attempt 3 failed with EACCES
23 http fetch GET https://registry.npmjs.org/@tailwindcss/oxide-wasm32-wasi/-/oxide-wasm32-wasi-4.2.1.tgz attempt 3 failed with EACCES
24 verbose type system
25 verbose stack FetchError: request to https://registry.npmjs.org/@tailwindcss/oxide-wasm32-wasi/-/oxide-wasm32-wasi-4.2.1.tgz failed, reason: 
25 verbose stack     at ClientRequest.<anonymous> (C:\Users\Usuario\AppData\Roaming\fnm\node-versions\v24.13.1\installation\node_modules\npm\node_modules\minipass-fetch\lib\index.js:130:14)
25 verbose stack     at ClientRequest.emit (node:events:508:28)
25 verbose stack     at emitErrorEvent (node:_http_client:108:11)
25 verbose stack     at _destroy (node:_http_client:963:9)
25 verbose stack     at onSocketNT (node:_http_client:983:5)
25 verbose stack     at process.processTicksAndRejections (node:internal/process/task_queues:90:21)
26 error code EACCES
27 error errno EACCES
28 error FetchError: request to https://registry.npmjs.org/@tailwindcss/oxide-wasm32-wasi/-/oxide-wasm32-wasi-4.2.1.tgz failed, reason: 
28 error     at ClientRequest.<anonymous> (C:\Users\Usuario\AppData\Roaming\fnm\node-versions\v24.13.1\installation\node_modules\npm\node_modules\minipass-fetch\lib\index.js:130:14)
28 error     at ClientRequest.emit (node:events:508:28)
28 error     at emitErrorEvent (node:_http_client:108:11)
28 error     at _destroy (node:_http_client:963:9)
28 error     at onSocketNT (node:_http_client:983:5)
28 error     at process.processTicksAndRejections (node:internal/process/task_queues:90:21) {
28 error   code: 'EACCES',
28 error   errno: 'EACCES',
28 error   type: 'system'
28 error }
29 error
29 error The operation was rejected by your operating system.
29 error It's possible that the file was already in use (by a text editor or antivirus),
29 error or that you lack permissions to access it.
29 error
29 error If you believe this might be a permissions issue, please double-check the
29 error permissions of the file and its containing directories, or try running
29 error the command again as root/Administrator.
30 silly unfinished npm timer reify 1772922712322
31 silly unfinished npm timer reify:loadTrees 1772922712322
32 silly unfinished npm timer idealTree:buildDeps 1772922712880
33 silly unfinished npm timer idealTree:node_modules/@tailwindcss/oxide-wasm32-wasi 1772922712889
34 verbose cwd C:\Users\Usuario\Documents\DOC JOSE\DEV\artiefy
35 verbose os Windows_NT 10.0.26200
36 verbose node v24.13.1
37 verbose npm  v11.11.0
38 verbose exit 1
39 verbose code 1
40 error A complete log of this run can be found in: C:\Users\Usuario\Documents\DOC JOSE\DEV\artiefy\.npm-cache\_logs\2026-03-07T22_31_51_838Z-debug-0.log
